Determining if the pthread_create exist failed with the following output:
Change Dir: /workspace/build/CMakeFiles/CMakeTmp

Run Build Command:"/usr/bin/make" "cmTC_31250/fast"
/usr/bin/make -f CMakeFiles/cmTC_31250.dir/build.make CMakeFiles/cmTC_31250.dir/build
make[1]: Entering directory '/workspace/build/CMakeFiles/CMakeTmp'
Building C object CMakeFiles/cmTC_31250.dir/CheckSymbolExists.c.o
/usr/bin/cc    -O2 -Wall -fPIC     -o CMakeFiles/cmTC_31250.dir/CheckSymbolExists.c.o   -c /workspace/build/CMakeFiles/CMakeTmp/CheckSymbolExists.c
Linking C executable cmTC_31250
/usr/bin/cmake -E cmake_link_script CMakeFiles/cmTC_31250.dir/link.txt --verbose=1
/usr/bin/cc  -O2 -Wall -fPIC      CMakeFiles/cmTC_31250.dir/CheckSymbolExists.c.o  -o cmTC_31250 -rdynamic 
CMakeFiles/cmTC_31250.dir/CheckSymbolExists.c.o: In function `main':
CheckSymbolExists.c:(.text.startup+0x3): undefined reference to `pthread_create'
collect2: error: ld returned 1 exit status
CMakeFiles/cmTC_31250.dir/build.make:97: recipe for target 'cmTC_31250' failed
make[1]: *** [cmTC_31250] Error 1
make[1]: Leaving directory '/workspace/build/CMakeFiles/CMakeTmp'
Makefile:126: recipe for target 'cmTC_31250/fast' failed
make: *** [cmTC_31250/fast] Error 2

File /workspace/build/CMakeFiles/CMakeTmp/CheckSymbolExists.c:
/* */
#include <pthread.h>

int main(int argc, char** argv)
{
  (void)argv;
#ifndef pthread_create
  return ((int*)(&pthread_create))[argc];
#else
  (void)argc;
  return 0;
#endif
}

